<?xml version="1.0" encoding="UTF-8"?>
<testsuite name="com.bankops.payments.TransfersControllerTest" tests="2" skipped="0" failures="0" errors="0" timestamp="2026-02-20T07:12:53.134Z" hostname="Erics-MacBook-Pro.local" time="0.369">
  <properties/>
  <testcase name="testCreateTransferSuccess()" classname="com.bankops.payments.TransfersControllerTest" time="0.357"/>
  <testcase name="testIdempotencyReplay()" classname="com.bankops.payments.TransfersControllerTest" time="0.01"/>
  <system-out><![CDATA[23:12:50.960 [Test worker] INFO org.springframework.test.context.support.AnnotationConfigContextLoaderUtils -- Could not detect default configuration classes for test class [com.bankops.payments.TransfersControllerTest]: TransfersControllerTest does not declare any static, non-private, non-final, nested classes annotated with @Configuration.
23:12:51.017 [Test worker] INFO org.springframework.boot.test.context.SpringBootTestContextBootstrapper -- Found @SpringBootConfiguration com.bankops.payments.PaymentsServiceApplication for test class com.bankops.payments.TransfersControllerTest

  .   ____          _            __ _ _
 /\\ / ___'_ __ _ _(_)_ __  __ _ \ \ \ \
( ( )\___ | '_ | '_| | '_ \/ _` | \ \ \ \
 \\/  ___)| |_)| | | | | || (_| |  ) ) ) )
  '  |____| .__|_| |_|_| |_\__, | / / / /
 =========|_|==============|___/=/_/_/_/

 :: Spring Boot ::                (v3.4.2)

2026-02-19T23:12:51.234-08:00  INFO 36721 --- [    Test worker] c.b.payments.TransfersControllerTest     : Starting TransfersControllerTest using Java 21.0.7 with PID 36721 (started by ericcheyne in /Users/ericcheyne/IdeaProjects/BankOps-Retail-Payments-Platform/services/payments-service)
2026-02-19T23:12:51.235-08:00  INFO 36721 --- [    Test worker] c.b.payments.TransfersControllerTest     : No active profile set, falling back to 1 default profile: "default"
2026-02-19T23:12:52.467-08:00  INFO 36721 --- [    Test worker] o.s.b.w.embedded.tomcat.TomcatWebServer  : Tomcat initialized with port 0 (http)
2026-02-19T23:12:52.477-08:00  INFO 36721 --- [    Test worker] o.apache.catalina.core.StandardService   : Starting service [Tomcat]
2026-02-19T23:12:52.477-08:00  INFO 36721 --- [    Test worker] o.apache.catalina.core.StandardEngine    : Starting Servlet engine: [Apache Tomcat/10.1.34]
2026-02-19T23:12:52.512-08:00  INFO 36721 --- [    Test worker] o.a.c.c.C.[Tomcat].[localhost].[/]       : Initializing Spring embedded WebApplicationContext
2026-02-19T23:12:52.513-08:00  INFO 36721 --- [    Test worker] w.s.c.ServletWebServerApplicationContext : Root WebApplicationContext: initialization completed in 1269 ms
2026-02-19T23:12:52.919-08:00  INFO 36721 --- [    Test worker] o.s.b.a.e.web.EndpointLinksResolver      : Exposing 3 endpoints beneath base path '/actuator'
2026-02-19T23:12:53.064-08:00  INFO 36721 --- [    Test worker] o.s.b.w.embedded.tomcat.TomcatWebServer  : Tomcat started on port 57780 (http) with context path '/'
2026-02-19T23:12:53.080-08:00  INFO 36721 --- [    Test worker] c.b.payments.TransfersControllerTest     : Started TransfersControllerTest in 1.997 seconds (process running for 2.561)
2026-02-19T23:12:53.251-08:00  INFO 36721 --- [o-auto-1-exec-1] o.a.c.c.C.[Tomcat].[localhost].[/]       : Initializing Spring DispatcherServlet 'dispatcherServlet'
2026-02-19T23:12:53.251-08:00  INFO 36721 --- [o-auto-1-exec-1] o.s.web.servlet.DispatcherServlet        : Initializing Servlet 'dispatcherServlet'
2026-02-19T23:12:53.252-08:00  INFO 36721 --- [o-auto-1-exec-1] o.s.web.servlet.DispatcherServlet        : Completed initialization in 1 ms
2026-02-19T23:12:53.333-08:00  INFO 36721 --- [o-auto-1-exec-1] com.zaxxer.hikari.HikariDataSource       : HikariPool-1 - Starting...
2026-02-19T23:12:53.426-08:00  INFO 36721 --- [o-auto-1-exec-1] com.zaxxer.hikari.pool.HikariPool        : HikariPool-1 - Added connection conn0: url=jdbc:h2:mem:testdb user=POSTGRES
2026-02-19T23:12:53.428-08:00  INFO 36721 --- [o-auto-1-exec-1] com.zaxxer.hikari.HikariDataSource       : HikariPool-1 - Start completed.
]]></system-out>
  <system-err><![CDATA[Mockito is currently self-attaching to enable the inline-mock-maker. This will no longer work in future releases of the JDK. Please add Mockito as an agent to your build what is described in Mockito's documentation: https://javadoc.io/doc/org.mockito/mockito-core/latest/org/mockito/Mockito.html#0.3
WARNING: A Java agent has been loaded dynamically (/Users/ericcheyne/.gradle/caches/modules-2/files-2.1/net.bytebuddy/byte-buddy-agent/1.15.11/a38b16385e867f59a641330f0362ebe742788ed8/byte-buddy-agent-1.15.11.jar)
WARNING: If a serviceability tool is in use, please run with -XX:+EnableDynamicAgentLoading to hide this warning
WARNING: If a serviceability tool is not in use, please run with -Djdk.instrument.traceUsage for more information
WARNING: Dynamic loading of agents will be disallowed by default in a future release
]]></system-err>
</testsuite>
