<?xml version="1.0" encoding="UTF-8"?>
<testsuite name="com.bankops.payments.core.PaymentsLifecycleServiceTest" tests="3" skipped="0" failures="0" errors="0" timestamp="2026-02-20T07:51:40.938Z" hostname="Erics-MacBook-Pro.local" time="0.058">
  <properties/>
  <testcase name="attemptPosting_StillHeld()" classname="com.bankops.payments.core.PaymentsLifecycleServiceTest" time="0.048"/>
  <testcase name="attemptPosting_Success()" classname="com.bankops.payments.core.PaymentsLifecycleServiceTest" time="0.007"/>
  <testcase name="attemptPosting_Failure()" classname="com.bankops.payments.core.PaymentsLifecycleServiceTest" time="0.002"/>
  <system-out><![CDATA[2026-02-19T23:51:40.983-08:00  INFO 40824 --- [    Test worker] c.b.p.core.PaymentsLifecycleService      : Transfer 381442f9-26a6-4344-a03a-bdbcb618f281 is still risk-held, skipping posting until cleared or approved
2026-02-19T23:51:40.990-08:00  INFO 40824 --- [    Test worker] c.b.p.core.PaymentsLifecycleService      : Transfer 66ec8193-19f4-4315-806f-0cf761316b6c successfully posted to ledger with entry 2d830bee-3c28-4412-933b-5b0f1e8c03a7
2026-02-19T23:51:40.995-08:00 ERROR 40824 --- [    Test worker] c.b.p.core.PaymentsLifecycleService      : Ledger posting failed for transfer b56c25ad-3659-464d-a8bd-956fd18ace6b: Connection failed
2026-02-19T23:51:40.996-08:00  WARN 40824 --- [    Test worker] c.b.p.core.PaymentsLifecycleService      : Transfer b56c25ad-3659-464d-a8bd-956fd18ace6b marked as POSTING_FAILED: Connection failed
]]></system-out>
  <system-err><![CDATA[]]></system-err>
</testsuite>
