<?xml version="1.0" encoding="UTF-8"?>
<testsuite name="com.bankops.risk.core.RiskDecisionEngineTest" tests="4" skipped="0" failures="0" errors="0" timestamp="2026-02-20T07:27:20.708Z" hostname="Erics-MacBook-Pro.local" time="0.541">
  <properties/>
  <testcase name="shouldClearWhenUnderThresholdAndVelocity()" classname="com.bankops.risk.core.RiskDecisionEngineTest" time="0.533"/>
  <testcase name="shouldHoldWhenOverVelocityThreshold()" classname="com.bankops.risk.core.RiskDecisionEngineTest" time="0.002"/>
  <testcase name="shouldHoldWhenOverAmountThreshold()" classname="com.bankops.risk.core.RiskDecisionEngineTest" time="0.001"/>
  <testcase name="shouldHoldWithMultipleReasons()" classname="com.bankops.risk.core.RiskDecisionEngineTest" time="0.002"/>
  <system-out><![CDATA[]]></system-out>
  <system-err><![CDATA[Mockito is currently self-attaching to enable the inline-mock-maker. This will no longer work in future releases of the JDK. Please add Mockito as an agent to your build what is described in Mockito's documentation: https://javadoc.io/doc/org.mockito/mockito-core/latest/org/mockito/Mockito.html#0.3
WARNING: A Java agent has been loaded dynamically (/Users/ericcheyne/.gradle/caches/modules-2/files-2.1/net.bytebuddy/byte-buddy-agent/1.15.11/a38b16385e867f59a641330f0362ebe742788ed8/byte-buddy-agent-1.15.11.jar)
WARNING: If a serviceability tool is in use, please run with -XX:+EnableDynamicAgentLoading to hide this warning
WARNING: If a serviceability tool is not in use, please run with -Djdk.instrument.traceUsage for more information
WARNING: Dynamic loading of agents will be disallowed by default in a future release
]]></system-err>
</testsuite>
